{"C:\\Users\\Professional\\Desktop\\Todo\\src\\components\\Todo\\Todo.tsx": {"path":"C:\\Users\\Professional\\Desktop\\Todo\\src\\components\\Todo\\Todo.tsx","statementMap":{"0":{"start":{"line":4,"column":17},"end":{"line":10,"column":1}},"1":{"start":{"line":5,"column":2},"end":{"line":9,"column":4}}},"fnMap":{"0":{"name":"(anonymous_0)","decl":{"start":{"line":4,"column":17},"end":{"line":4,"column":18}},"loc":{"start":{"line":4,"column":23},"end":{"line":10,"column":1}},"line":4}},"branchMap":{},"s":{"0":1,"1":1},"f":{"0":1},"b":{},"_coverageSchema":"1a1c01bbd47fc00a2c39e90264f33305004495a9","hash":"297ff395ae3ae45982feec0f333e42f31d763d4f"}
,"C:\\Users\\Professional\\Desktop\\Todo\\src\\utils\\getLocalData.utils.tsx": {"path":"C:\\Users\\Professional\\Desktop\\Todo\\src\\utils\\getLocalData.utils.tsx","statementMap":{"0":{"start":{"line":4,"column":33},"end":{"line":12,"column":1}},"1":{"start":{"line":5,"column":20},"end":{"line":5,"column":38}},"2":{"start":{"line":7,"column":2},"end":{"line":9,"column":3}},"3":{"start":{"line":8,"column":4},"end":{"line":8,"column":51}},"4":{"start":{"line":11,"column":2},"end":{"line":11,"column":21}}},"fnMap":{"0":{"name":"(anonymous_0)","decl":{"start":{"line":4,"column":33},"end":{"line":4,"column":34}},"loc":{"start":{"line":4,"column":62},"end":{"line":12,"column":1}},"line":4}},"branchMap":{"0":{"loc":{"start":{"line":7,"column":2},"end":{"line":9,"column":3}},"type":"if","locations":[{"start":{"line":7,"column":2},"end":{"line":9,"column":3}},{"start":{"line":7,"column":2},"end":{"line":9,"column":3}}],"line":7}},"s":{"0":0,"1":0,"2":0,"3":0,"4":0},"f":{"0":0},"b":{"0":[0,0]}}
,"C:\\Users\\Professional\\Desktop\\Todo\\src\\utils\\getQuery.utils.tsx": {"path":"C:\\Users\\Professional\\Desktop\\Todo\\src\\utils\\getQuery.utils.tsx","statementMap":{"0":{"start":{"line":3,"column":34},"end":{"line":8,"column":1}},"1":{"start":{"line":10,"column":29},"end":{"line":30,"column":1}},"2":{"start":{"line":15,"column":2},"end":{"line":28,"column":3}},"3":{"start":{"line":16,"column":4},"end":{"line":27,"column":7}},"4":{"start":{"line":18,"column":42},"end":{"line":18,"column":65}},"5":{"start":{"line":20,"column":6},"end":{"line":24,"column":7}},"6":{"start":{"line":21,"column":8},"end":{"line":21,"column":45}},"7":{"start":{"line":23,"column":8},"end":{"line":23,"column":36}},"8":{"start":{"line":26,"column":6},"end":{"line":26,"column":56}},"9":{"start":{"line":29,"column":2},"end":{"line":29,"column":29}}},"fnMap":{"0":{"name":"(anonymous_0)","decl":{"start":{"line":10,"column":29},"end":{"line":10,"column":30}},"loc":{"start":{"line":14,"column":5},"end":{"line":30,"column":1}},"line":14},"1":{"name":"(anonymous_1)","decl":{"start":{"line":16,"column":38},"end":{"line":16,"column":39}},"loc":{"start":{"line":16,"column":49},"end":{"line":27,"column":5}},"line":16}},"branchMap":{"0":{"loc":{"start":{"line":12,"column":2},"end":{"line":12,"column":28}},"type":"default-arg","locations":[{"start":{"line":12,"column":17},"end":{"line":12,"column":28}}],"line":12},"1":{"loc":{"start":{"line":15,"column":2},"end":{"line":28,"column":3}},"type":"if","locations":[{"start":{"line":15,"column":2},"end":{"line":28,"column":3}},{"start":{"line":15,"column":2},"end":{"line":28,"column":3}}],"line":15},"2":{"loc":{"start":{"line":20,"column":6},"end":{"line":24,"column":7}},"type":"if","locations":[{"start":{"line":20,"column":6},"end":{"line":24,"column":7}},{"start":{"line":20,"column":6},"end":{"line":24,"column":7}}],"line":20},"3":{"loc":{"start":{"line":21,"column":17},"end":{"line":21,"column":44}},"type":"binary-expr","locations":[{"start":{"line":21,"column":17},"end":{"line":21,"column":29}},{"start":{"line":21,"column":33},"end":{"line":21,"column":44}}],"line":21},"4":{"loc":{"start":{"line":23,"column":17},"end":{"line":23,"column":35}},"type":"binary-expr","locations":[{"start":{"line":23,"column":17},"end":{"line":23,"column":29}},{"start":{"line":23,"column":33},"end":{"line":23,"column":35}}],"line":23}},"s":{"0":0,"1":0,"2":0,"3":0,"4":0,"5":0,"6":0,"7":0,"8":0,"9":0},"f":{"0":0,"1":0},"b":{"0":[0],"1":[0,0],"2":[0,0],"3":[0,0],"4":[0,0]}}
,"C:\\Users\\Professional\\Desktop\\Todo\\src\\utils\\getUrl.utils.tsx": {"path":"C:\\Users\\Professional\\Desktop\\Todo\\src\\utils\\getUrl.utils.tsx","statementMap":{"0":{"start":{"line":3,"column":27},"end":{"line":7,"column":1}},"1":{"start":{"line":4,"column":60},"end":{"line":4,"column":71}},"2":{"start":{"line":6,"column":2},"end":{"line":6,"column":234}},"3":{"start":{"line":9,"column":20},"end":{"line":14,"column":2}},"4":{"start":{"line":9,"column":34},"end":{"line":14,"column":1}}},"fnMap":{"0":{"name":"(anonymous_0)","decl":{"start":{"line":3,"column":27},"end":{"line":3,"column":28}},"loc":{"start":{"line":3,"column":56},"end":{"line":7,"column":1}},"line":3},"1":{"name":"(anonymous_1)","decl":{"start":{"line":9,"column":20},"end":{"line":9,"column":21}},"loc":{"start":{"line":9,"column":34},"end":{"line":14,"column":1}},"line":9}},"branchMap":{},"s":{"0":0,"1":0,"2":0,"3":0,"4":0},"f":{"0":0,"1":0},"b":{}}
,"C:\\Users\\Professional\\Desktop\\Todo\\src\\utils\\restoreQuery.utils.tsx": {"path":"C:\\Users\\Professional\\Desktop\\Todo\\src\\utils\\restoreQuery.utils.tsx","statementMap":{"0":{"start":{"line":4,"column":33},"end":{"line":41,"column":1}},"1":{"start":{"line":23,"column":2},"end":{"line":40,"column":3}},"2":{"start":{"line":24,"column":24},"end":{"line":24,"column":66}},"3":{"start":{"line":25,"column":4},"end":{"line":25,"column":40}},"4":{"start":{"line":26,"column":9},"end":{"line":40,"column":3}},"5":{"start":{"line":27,"column":38},"end":{"line":32,"column":5}},"6":{"start":{"line":34,"column":4},"end":{"line":38,"column":7}},"7":{"start":{"line":35,"column":6},"end":{"line":37,"column":9}},"8":{"start":{"line":39,"column":4},"end":{"line":39,"column":40}}},"fnMap":{"0":{"name":"(anonymous_0)","decl":{"start":{"line":4,"column":33},"end":{"line":4,"column":34}},"loc":{"start":{"line":22,"column":6},"end":{"line":41,"column":1}},"line":22},"1":{"name":"(anonymous_1)","decl":{"start":{"line":34,"column":37},"end":{"line":34,"column":38}},"loc":{"start":{"line":34,"column":46},"end":{"line":38,"column":5}},"line":34}},"branchMap":{"0":{"loc":{"start":{"line":23,"column":2},"end":{"line":40,"column":3}},"type":"if","locations":[{"start":{"line":23,"column":2},"end":{"line":40,"column":3}},{"start":{"line":23,"column":2},"end":{"line":40,"column":3}}],"line":23},"1":{"loc":{"start":{"line":26,"column":9},"end":{"line":40,"column":3}},"type":"if","locations":[{"start":{"line":26,"column":9},"end":{"line":40,"column":3}},{"start":{"line":26,"column":9},"end":{"line":40,"column":3}}],"line":26}},"s":{"0":0,"1":0,"2":0,"3":0,"4":0,"5":0,"6":0,"7":0,"8":0},"f":{"0":0,"1":0},"b":{"0":[0,0],"1":[0,0]}}
,"C:\\Users\\Professional\\Desktop\\Todo\\src\\utils\\storage.utils.tsx": {"path":"C:\\Users\\Professional\\Desktop\\Todo\\src\\utils\\storage.utils.tsx","statementMap":{"0":{"start":{"line":3,"column":19},"end":{"line":4,"column":58}},"1":{"start":{"line":4,"column":2},"end":{"line":4,"column":58}},"2":{"start":{"line":6,"column":19},"end":{"line":9,"column":1}},"3":{"start":{"line":7,"column":17},"end":{"line":7,"column":43}},"4":{"start":{"line":8,"column":2},"end":{"line":8,"column":44}},"5":{"start":{"line":11,"column":19},"end":{"line":11,"column":72}},"6":{"start":{"line":11,"column":43},"end":{"line":11,"column":72}}},"fnMap":{"0":{"name":"(anonymous_0)","decl":{"start":{"line":3,"column":19},"end":{"line":3,"column":20}},"loc":{"start":{"line":4,"column":2},"end":{"line":4,"column":58}},"line":4},"1":{"name":"(anonymous_1)","decl":{"start":{"line":6,"column":19},"end":{"line":6,"column":20}},"loc":{"start":{"line":6,"column":57},"end":{"line":9,"column":1}},"line":6},"2":{"name":"(anonymous_2)","decl":{"start":{"line":11,"column":19},"end":{"line":11,"column":20}},"loc":{"start":{"line":11,"column":43},"end":{"line":11,"column":72}},"line":11}},"branchMap":{"0":{"loc":{"start":{"line":8,"column":9},"end":{"line":8,"column":43}},"type":"cond-expr","locations":[{"start":{"line":8,"column":18},"end":{"line":8,"column":36}},{"start":{"line":8,"column":39},"end":{"line":8,"column":43}}],"line":8}},"s":{"0":0,"1":0,"2":0,"3":0,"4":0,"5":0,"6":0},"f":{"0":0,"1":0,"2":0},"b":{"0":[0,0]}}
}
