TN:
SF:client\src\components\App\App.tsx
FN:12,(anonymous_0)
FN:15,(anonymous_1)
FNF:2
FNH:2
FNDA:3,(anonymous_0)
FNDA:3,(anonymous_1)
DA:12,2
DA:13,3
DA:15,3
DA:16,3
DA:19,3
LF:5
LH:5
BRF:0
BRH:0
end_of_record
TN:
SF:client\src\components\Btn\Btn.tsx
FN:9,(anonymous_0)
FNF:1
FNH:1
FNDA:72,(anonymous_0)
DA:9,5
DA:19,72
DA:21,72
LF:3
LH:3
BRDA:24,0,0,15
BRDA:24,0,1,57
BRDA:29,1,0,72
BRDA:29,1,1,57
BRF:4
BRH:4
end_of_record
TN:
SF:client\src\components\GitLink\GitLink.tsx
FN:4,(anonymous_0)
FNF:1
FNH:1
FNDA:3,(anonymous_0)
DA:4,2
DA:5,3
LF:2
LH:2
BRF:0
BRH:0
end_of_record
TN:
SF:client\src\components\Input\Input.tsx
FN:7,(anonymous_0)
FNF:1
FNH:1
FNDA:29,(anonymous_0)
DA:6,3
DA:16,29
LF:2
LH:2
BRF:0
BRH:0
end_of_record
TN:
SF:client\src\components\Loader\Loader.tsx
FN:6,(anonymous_0)
FNF:1
FNH:1
FNDA:5,(anonymous_0)
DA:6,2
DA:7,5
DA:9,5
DA:11,3
LF:4
LH:4
BRDA:9,0,0,2
BRDA:9,0,1,3
BRF:2
BRH:2
end_of_record
TN:
SF:client\src\components\Message\Message.tsx
FN:5,(anonymous_0)
FNF:1
FNH:1
FNDA:5,(anonymous_0)
DA:5,2
DA:6,5
DA:8,5
DA:10,2
LF:4
LH:4
BRDA:8,0,0,3
BRDA:8,0,1,2
BRDA:8,1,0,5
BRDA:8,1,1,2
BRF:4
BRH:4
end_of_record
TN:
SF:client\src\components\Search\Search.tsx
FN:8,(anonymous_0)
FN:11,(anonymous_1)
FN:14,(anonymous_2)
FN:17,(anonymous_3)
FNF:4
FNH:3
FNDA:15,(anonymous_0)
FNDA:12,(anonymous_1)
FNDA:12,(anonymous_2)
FNDA:0,(anonymous_3)
DA:8,2
DA:9,15
DA:11,15
DA:12,12
DA:14,15
DA:15,12
DA:17,15
DA:18,0
DA:19,0
DA:20,0
DA:23,15
LF:11
LH:8
BRDA:12,0,0,0
BRDA:12,0,1,12
BRF:2
BRH:1
end_of_record
TN:
SF:client\src\components\TodoAdd\TodoAdd.tsx
FN:9,(anonymous_0)
FN:19,(anonymous_1)
FN:23,(anonymous_2)
FN:26,(anonymous_3)
FNF:4
FNH:4
FNDA:12,(anonymous_0)
FNDA:1,(anonymous_1)
FNDA:9,(anonymous_2)
FNDA:9,(anonymous_3)
DA:9,2
DA:10,12
DA:12,12
DA:19,12
DA:20,1
DA:23,12
DA:24,9
DA:26,12
DA:27,9
DA:29,12
LF:10
LH:10
BRDA:24,0,0,0
BRDA:24,0,1,9
BRF:2
BRH:1
end_of_record
TN:
SF:client\src\components\TodoItem\TodoItem.tsx
FN:15,(anonymous_0)
FN:38,(anonymous_1)
FN:47,(anonymous_2)
FN:55,(anonymous_3)
FNF:4
FNH:4
FNDA:6,(anonymous_0)
FNDA:6,(anonymous_1)
FNDA:2,(anonymous_2)
FNDA:2,(anonymous_3)
DA:14,4
DA:25,6
DA:27,6
DA:28,1
DA:29,5
DA:30,1
DA:33,6
DA:38,6
DA:47,2
DA:55,2
LF:10
LH:10
BRDA:27,0,0,1
BRDA:27,0,1,5
BRDA:29,1,0,1
BRDA:29,1,1,4
BRDA:29,2,0,5
BRDA:29,2,1,5
BRDA:43,3,0,1
BRDA:43,3,1,5
BRDA:60,4,0,1
BRDA:60,4,1,5
BRF:10
BRH:10
end_of_record
TN:
SF:client\src\components\TodoList\TodoList.tsx
FN:7,(anonymous_0)
FN:17,(anonymous_1)
FN:20,(anonymous_2)
FN:24,(anonymous_3)
FN:28,(anonymous_4)
FNF:5
FNH:5
FNDA:20,(anonymous_0)
FNDA:4,(anonymous_1)
FNDA:1,(anonymous_2)
FNDA:1,(anonymous_3)
FNDA:3,(anonymous_4)
DA:7,3
DA:9,20
DA:11,20
DA:18,4
DA:20,4
DA:21,1
DA:24,4
DA:25,1
DA:28,4
DA:29,3
DA:33,3
DA:37,3
DA:38,3
DA:42,4
LF:14
LH:14
BRDA:14,0,0,4
BRDA:14,0,1,16
BRDA:33,1,0,3
BRDA:33,1,1,0
BRDA:34,2,0,3
BRDA:34,2,1,3
BRF:6
BRH:5
end_of_record
